<?xml version="1.0" encoding="UTF-8"?>
<testsuite name="JustTestingProject/tests" tests="1" failures="0" skipped="0" hostname="ibm-abhishekgupta" time="64.929" timestamp="Thu Mar 03 16:20:32 IST 2022">
	<properties>
		<property name="excludeCallableTestCases" value="true"/>
		<property name="testEnvironment" value="sandbox"/>
		<property name="pluginOutputLevel" value="WARNING"/>
		<property name="projectPath" value=".."/>
		<property name="salesforceMetadataCache" value="Reuse"/>
		<property name="resultsPathDisposition" value="Increment"/>
		<property name="testOutputLevel" value="INFO"/>
		<property name="webBrowserType" value="Chrome"/>
		<property name="resultsPath" value="../ANT/Results"/>
		<property name="webBrowserConfiguration" value="Full Screen"/>
		<property name="projectCachePath" value="C:\Users\abhishek.gupta\Provar\JustTesting\JustTestingProject\ANT\..\..\.provarCaches"/>
	</properties>
	<testcase classname="tests/Test Case 1.testcase" name="Test Case 1.testcase" time="43.839">
	</testcase>
</testsuite>
